[2019/11/1-22:12:22][INFO][main.cpp main() :69][core config init success]
[2019/11/1-22:12:22][INFO][main.cpp main() :77][memery pools init success]
[2019/11/1-22:12:22][INFO][main.cpp main() :82][father process exit]
[2019/11/1-22:12:22][INFO][cserver_deamon.cpp init_deamon() :16][init_deamon() pid = 27438 ppid = 1]
[2019/11/1-22:12:22][INFO][main.cpp main() :88][after init_deamon() pid = 27438 ppid = 1]
[2019/11/1-22:12:22][DEBUG][cserver_proc_loops.cpp mainWorkProcessLoops() :12][proc count = 1]
[2019/11/1-22:12:45][INFO][main.cpp main() :69][core config init success]
[2019/11/1-22:12:45][INFO][main.cpp main() :77][memery pools init success]
[2019/11/1-22:12:45][INFO][main.cpp main() :82][father process exit]
[2019/11/1-22:12:45][INFO][cserver_deamon.cpp init_deamon() :16][init_deamon() pid = 27465 ppid = 1]
[2019/11/1-22:12:45][INFO][main.cpp main() :88][after init_deamon() pid = 27465 ppid = 1]
[2019/11/1-22:12:45][DEBUG][cserver_proc_loops.cpp mainWorkProcessLoops() :12][proc count = 1]
[2019/11/1-22:13:05][INFO][main.cpp main() :69][core config init success]
[2019/11/1-22:13:05][INFO][main.cpp main() :77][memery pools init success]
[2019/11/1-22:13:05][INFO][main.cpp main() :82][father process exit]
[2019/11/1-22:13:05][INFO][cserver_deamon.cpp init_deamon() :16][init_deamon() pid = 27526 ppid = 1]
[2019/11/1-22:13:05][INFO][main.cpp main() :88][after init_deamon() pid = 27526 ppid = 1]
[2019/11/1-22:13:05][INFO][cserver_proc_loops.cpp mainWorkProcessLoops() :12][father process pid = 27526]
[2019/11/1-22:13:05][INFO][cserver_proc_loops.cpp mainWorkProcessLoops() :25][create child process pid = 27527]
[2019/11/1-22:13:05][INFO][cserver_proc_loops.cpp mainWorkProcessLoops() :20][child process pid = 27527]
[2019/11/1-22:54:57][INFO][main.cpp main() :69][core config init success]
[2019/11/1-22:54:57][INFO][main.cpp main() :77][memery pools init success]
[2019/11/1-22:54:57][INFO][cserver_deamon.cpp init_deamon() :16][init_deamon() pid = 28488 ppid = 1]
[2019/11/1-22:54:57][INFO][cserver_proc_loops.cpp mainWorkProcessLoops() :12][father process pid = 28488]
[2019/11/1-22:54:57][INFO][cserver_proc_loops.cpp mainWorkProcessLoops() :23][create child process pid = 28489]
[2019/11/1-22:55:17][INFO][cserver_proc_loops.cpp mainWorkProcessLoops() :23][create child process pid = 28517]
[2019/11/1-22:55:37][INFO][cserver_proc_loops.cpp mainWorkProcessLoops() :23][create child process pid = 28541]
[2019/11/1-22:55:57][INFO][cserver_proc_loops.cpp mainWorkProcessLoops() :23][create child process pid = 28575]
[2019/11/1-22:56:04][INFO][main.cpp main() :69][core config init success]
[2019/11/1-22:56:04][INFO][main.cpp main() :77][memery pools init success]
[2019/11/1-22:56:04][INFO][cserver_deamon.cpp init_deamon() :16][init_deamon() pid = 28612 ppid = 1]
[2019/11/1-22:56:04][INFO][cserver_proc_loops.cpp mainWorkProcessLoops() :12][father process pid = 28612]
[2019/11/1-22:56:04][INFO][cserver_proc_loops.cpp mainWorkProcessLoops() :23][create child process pid = 28613]
[2019/11/1-22:56:04][INFO][cserver_proc_loops.cpp mainWorkProcessLoops() :23][create child process pid = 28614]
[2019/11/1-22:56:04][INFO][cserver_proc_loops.cpp mainWorkProcessLoops() :23][create child process pid = 28615]
[2019/11/1-22:56:04][INFO][cserver_proc_loops.cpp mainWorkProcessLoops() :23][create child process pid = 28616]
[2019/11/1-22:56:24][INFO][cserver_proc_loops.cpp mainWorkProcessLoops() :23][create child process pid = 28655]
[2019/11/1-22:56:24][INFO][cserver_proc_loops.cpp mainWorkProcessLoops() :23][create child process pid = 28656]
[2019/11/1-22:56:24][INFO][cserver_proc_loops.cpp mainWorkProcessLoops() :23][create child process pid = 28657]
[2019/11/1-22:56:24][INFO][cserver_proc_loops.cpp mainWorkProcessLoops() :23][create child process pid = 28658]
[2019/11/1-22:56:24][INFO][cserver_proc_loops.cpp mainWorkProcessLoops() :23][create child process pid = 28659]
[2019/11/1-22:56:24][INFO][cserver_proc_loops.cpp mainWorkProcessLoops() :23][create child process pid = 28660]
[2019/11/1-22:56:44][INFO][cserver_proc_loops.cpp mainWorkProcessLoops() :23][create child process pid = 28673]
[2019/11/1-22:56:44][INFO][cserver_proc_loops.cpp mainWorkProcessLoops() :23][create child process pid = 28674]
[2019/11/1-22:56:44][INFO][cserver_proc_loops.cpp mainWorkProcessLoops() :23][create child process pid = 28675]
[2019/11/1-22:56:44][INFO][cserver_proc_loops.cpp mainWorkProcessLoops() :23][create child process pid = 28676]
[2019/11/1-22:57:04][INFO][cserver_proc_loops.cpp mainWorkProcessLoops() :23][create child process pid = 28683]
